2023-12-01T11:35:10.343+0100 [INFO]  provider: configuring client automatic mTLS
2023-12-01T11:35:10.763+0100 [INFO]  provider.terraform-provider-aws_v4.67.0_x5: configuring server automatic mTLS: timestamp="2023-12-01T11:35:10.763+0100"
2023-12-01T11:35:11.503+0100 [INFO]  provider: configuring client automatic mTLS
2023-12-01T11:35:11.542+0100 [INFO]  provider.terraform-provider-local_v2.4.0_x5: configuring server automatic mTLS: timestamp="2023-12-01T11:35:11.542+0100"
2023-12-01T11:35:11.606+0100 [INFO]  provider: configuring client automatic mTLS
2023-12-01T11:35:11.637+0100 [INFO]  provider.terraform-provider-local_v2.4.0_x5: configuring server automatic mTLS: timestamp="2023-12-01T11:35:11.636+0100"
2023-12-01T11:35:11.688+0100 [INFO]  provider: configuring client automatic mTLS
2023-12-01T11:35:12.133+0100 [INFO]  provider.terraform-provider-aws_v4.67.0_x5: configuring server automatic mTLS: timestamp="2023-12-01T11:35:12.133+0100"
2023-12-01T11:35:12.623+0100 [INFO]  provider: configuring client automatic mTLS
2023-12-01T11:35:12.648+0100 [INFO]  provider.terraform-provider-local_v2.4.0_x5: configuring server automatic mTLS: timestamp="2023-12-01T11:35:12.648+0100"
2023-12-01T11:35:12.694+0100 [INFO]  provider: configuring client automatic mTLS
2023-12-01T11:35:13.110+0100 [INFO]  provider.terraform-provider-aws_v4.67.0_x5: configuring server automatic mTLS: timestamp="2023-12-01T11:35:13.110+0100"
2023-12-01T11:35:13.563+0100 [INFO]  provider.terraform-provider-aws_v4.67.0_x5: Retrieved credentials: tf_provider_addr=registry.terraform.io/hashicorp/aws @caller=github.com/hashicorp/aws-sdk-go-base/v2@v2.0.0-beta.25/logging/logger.go:33 @module=aws.aws-base tf_mux_provider="*schema.GRPCProviderServer" tf_aws.credentials_source="SharedConfigCredentials: /Users/ste/.aws/credentials" tf_req_id=59fcf7d2-4130-1083-1b61-2e146f7d0e06 tf_rpc=ConfigureProvider timestamp="2023-12-01T11:35:13.562+0100"
2023-12-01T11:35:13.721+0100 [INFO]  provider.terraform-provider-aws_v4.67.0_x5: Retrieved caller identity from STS: tf_req_id=59fcf7d2-4130-1083-1b61-2e146f7d0e06 tf_rpc=ConfigureProvider @module=aws.aws-base tf_mux_provider="*schema.GRPCProviderServer" tf_provider_addr=registry.terraform.io/hashicorp/aws @caller=github.com/hashicorp/aws-sdk-go-base/v2@v2.0.0-beta.25/logging/logger.go:33 timestamp="2023-12-01T11:35:13.721+0100"
2023-12-01T11:35:13.743+0100 [INFO]  provider.terraform-provider-aws_v4.67.0_x5: Retrieved caller identity from STS: tf_req_id=59fcf7d2-4130-1083-1b61-2e146f7d0e06 tf_rpc=ConfigureProvider @caller=github.com/hashicorp/aws-sdk-go-base/v2@v2.0.0-beta.25/logging/logger.go:33 tf_mux_provider="*schema.GRPCProviderServer" tf_provider_addr=registry.terraform.io/hashicorp/aws @module=aws.aws-base timestamp="2023-12-01T11:35:13.743+0100"
2023-12-01T11:35:14.262+0100 [WARN]  provider.terraform-provider-aws_v4.67.0_x5: [WARN] Unable to read S3 bucket (te888st-bucket) Object Lock Configuration: ObjectLockConfigurationNotFoundError: Object Lock configuration does not exist for this bucket
2023-12-01T11:35:14.338+0100 [INFO]  provider: configuring client automatic mTLS
2023-12-01T11:35:14.354+0100 [INFO]  provider.terraform-provider-local_v2.4.0_x5: configuring server automatic mTLS: timestamp="2023-12-01T11:35:14.353+0100"
2023-12-01T11:35:14.381+0100 [INFO]  provider: configuring client automatic mTLS
2023-12-01T11:35:14.615+0100 [INFO]  provider.terraform-provider-aws_v4.67.0_x5: configuring server automatic mTLS: timestamp="2023-12-01T11:35:14.615+0100"
2023-12-01T11:35:14.882+0100 [INFO]  provider.terraform-provider-aws_v4.67.0_x5: Retrieved credentials: tf_aws.credentials_source="SharedConfigCredentials: /Users/ste/.aws/credentials" tf_mux_provider="*schema.GRPCProviderServer" tf_provider_addr=registry.terraform.io/hashicorp/aws tf_req_id=4beeaa65-fa48-1753-39f5-26576159ebfe tf_rpc=ConfigureProvider @caller=github.com/hashicorp/aws-sdk-go-base/v2@v2.0.0-beta.25/logging/logger.go:33 @module=aws.aws-base timestamp="2023-12-01T11:35:14.882+0100"
2023-12-01T11:35:14.983+0100 [INFO]  provider.terraform-provider-aws_v4.67.0_x5: Retrieved caller identity from STS: @caller=github.com/hashicorp/aws-sdk-go-base/v2@v2.0.0-beta.25/logging/logger.go:33 tf_req_id=4beeaa65-fa48-1753-39f5-26576159ebfe tf_mux_provider="*schema.GRPCProviderServer" tf_provider_addr=registry.terraform.io/hashicorp/aws tf_rpc=ConfigureProvider @module=aws.aws-base timestamp="2023-12-01T11:35:14.983+0100"
2023-12-01T11:35:15.006+0100 [INFO]  provider.terraform-provider-aws_v4.67.0_x5: Retrieved caller identity from STS: tf_mux_provider="*schema.GRPCProviderServer" tf_provider_addr=registry.terraform.io/hashicorp/aws tf_req_id=4beeaa65-fa48-1753-39f5-26576159ebfe tf_rpc=ConfigureProvider @module=aws.aws-base @caller=github.com/hashicorp/aws-sdk-go-base/v2@v2.0.0-beta.25/logging/logger.go:33 timestamp="2023-12-01T11:35:15.006+0100"
2023-12-01T11:35:17.885+0100 [INFO]  provider: configuring client automatic mTLS
2023-12-01T11:35:17.919+0100 [INFO]  provider.terraform-provider-local_v2.4.0_x5: configuring server automatic mTLS: timestamp="2023-12-01T11:35:17.919+0100"
2023-12-01T11:35:17.952+0100 [INFO]  provider: configuring client automatic mTLS
2023-12-01T11:35:18.245+0100 [INFO]  provider.terraform-provider-aws_v4.67.0_x5: configuring server automatic mTLS: timestamp="2023-12-01T11:35:18.245+0100"
2023-12-01T11:35:18.577+0100 [INFO]  provider.terraform-provider-aws_v4.67.0_x5: Retrieved credentials: @caller=github.com/hashicorp/aws-sdk-go-base/v2@v2.0.0-beta.25/logging/logger.go:33 tf_aws.credentials_source="SharedConfigCredentials: /Users/ste/.aws/credentials" tf_provider_addr=registry.terraform.io/hashicorp/aws tf_req_id=d3717e6c-df15-6d19-bb87-cc7128ef23c6 tf_rpc=ConfigureProvider @module=aws.aws-base tf_mux_provider="*schema.GRPCProviderServer" timestamp="2023-12-01T11:35:18.577+0100"
2023-12-01T11:35:18.683+0100 [INFO]  provider.terraform-provider-aws_v4.67.0_x5: Retrieved caller identity from STS: @caller=github.com/hashicorp/aws-sdk-go-base/v2@v2.0.0-beta.25/logging/logger.go:33 @module=aws.aws-base tf_provider_addr=registry.terraform.io/hashicorp/aws tf_mux_provider="*schema.GRPCProviderServer" tf_req_id=d3717e6c-df15-6d19-bb87-cc7128ef23c6 tf_rpc=ConfigureProvider timestamp="2023-12-01T11:35:18.683+0100"
2023-12-01T11:35:18.704+0100 [INFO]  provider.terraform-provider-aws_v4.67.0_x5: Retrieved caller identity from STS: tf_provider_addr=registry.terraform.io/hashicorp/aws tf_req_id=d3717e6c-df15-6d19-bb87-cc7128ef23c6 tf_rpc=ConfigureProvider @caller=github.com/hashicorp/aws-sdk-go-base/v2@v2.0.0-beta.25/logging/logger.go:33 @module=aws.aws-base tf_mux_provider="*schema.GRPCProviderServer" timestamp="2023-12-01T11:35:18.704+0100"
2023-12-01T11:35:18.712+0100 [INFO]  provider.terraform-provider-aws_v4.67.0_x5: [INFO] Deleting S3 Bucket: te888st-bucket
